[01:34:29] [ServerMain/INFO]: Environment: authHost='https://authserver.mojang.com', accountsHost='https://api.mojang.com', sessionHost='https://sessionserver.mojang.com', servicesHost='https://api.minecraftservices.com', name='PROD'
[01:34:32] [ServerMain/INFO]: Loaded 7 recipes
[01:34:33] [Server thread/INFO]: Starting minecraft server version 1.20.1
[01:34:33] [Server thread/INFO]: Loading properties
[01:34:33] [Server thread/INFO]: This server is running Paper version git-Paper-196 (MC: 1.20.1) (Implementing API version 1.20.1-R0.1-SNAPSHOT) (Git: 773dd72)
[01:34:34] [Server thread/INFO]: Server Ping Player Sample Count: 12
[01:34:34] [Server thread/INFO]: Using 4 threads for Netty based IO
[01:34:34] [Server thread/WARN]: [!] The timings profiler has been enabled but has been scheduled for removal from Paper in the future.
    We recommend installing the spark profiler as a replacement: https://spark.lucko.me/
    For more information please visit: https://github.com/PaperMC/Paper/issues/8948
[01:34:34] [Server thread/INFO]: [ChunkTaskScheduler] Chunk system is using 1 I/O threads, 1 worker threads, and gen parallelism of 1 threads
[01:34:34] [Server thread/INFO]: Default game type: SURVIVAL
[01:34:34] [Server thread/INFO]: Generating keypair
[01:34:34] [Server thread/INFO]: Starting Minecraft server on *:25565
[01:34:35] [Server thread/INFO]: Using epoll channel type
[01:34:35] [Server thread/INFO]: Paper: Using libdeflate (Linux x86_64) compression from Velocity.
[01:34:35] [Server thread/INFO]: Paper: Using OpenSSL 1.1.x (Linux x86_64) cipher from Velocity.
[01:34:35] [Server thread/INFO]: Server permissions file permissions.yml is empty, ignoring it
[01:34:35] [Server thread/WARN]: **** SERVER IS RUNNING IN OFFLINE/INSECURE MODE!
[01:34:35] [Server thread/WARN]: The server will make no attempt to authenticate usernames. Beware.
[01:34:35] [Server thread/WARN]: While this makes the game possible to play without internet access, it also opens up the ability for hackers to connect with any username they choose.
[01:34:35] [Server thread/WARN]: To change this, set "online-mode" to "true" in the server.properties file.
[01:34:35] [Server thread/INFO]: Preparing level "world"
[01:34:36] [Server thread/INFO]: Preparing start region for dimension minecraft:overworld
[01:34:36] [Server thread/INFO]: Time elapsed: 444 ms
[01:34:36] [Server thread/INFO]: Preparing start region for dimension minecraft:the_nether
[01:34:36] [Server thread/INFO]: Time elapsed: 177 ms
[01:34:36] [Server thread/INFO]: Preparing start region for dimension minecraft:the_end
[01:34:36] [Server thread/INFO]: Time elapsed: 142 ms
[01:34:36] [Server thread/INFO]: Running delayed init tasks
[01:34:36] [Server thread/INFO]: Done (3.933s)! For help, type "help"
[01:34:36] [Server thread/INFO]: Timings Reset
[01:35:31] [User Authenticator #0/INFO]: UUID of player SoyKino_00 is c0efdffe-6950-3dfc-8df3-83f1edab0623
[01:35:31] [Server thread/INFO]: SoyKino_00 joined the game
[01:35:31] [Server thread/INFO]: SoyKino_00[/127.13.57.13:36263] logged in with entity id 261 at ([world]-71.5, 64.0, 73.5)
[01:36:10] [Server thread/INFO]: Made SoyKino_00 a server operator
[01:36:17] [Server thread/INFO]: SoyKino_00 issued server command: /plugins
[01:36:46] [Server thread/INFO]: SoyKino_00 issued server command: /plugins
[01:36:59] [Server thread/INFO]: SoyKino_00 issued server command: /setblock -73 63 79
[01:37:58] [Server thread/INFO]: SoyKino_00 was slain by Zombie
[01:38:04] [Server thread/INFO]: SoyKino_00 lost connection: Disconnected
[01:38:04] [Server thread/INFO]: SoyKino_00 left the game
